<?xml version="1.0" encoding="UTF-8"?>
<testsuite xmlns:xsi="http://www.w3.org/2001/XMLSchema-instance" xsi:noNamespaceSchemaLocation="https://maven.apache.org/surefire/maven-surefire-plugin/xsd/surefire-test-report-3.0.xsd" version="3.0" name="TriangleTest" time="0.143" tests="5" errors="0" skipped="0" failures="0">
  <properties>
[...]
</properties>
  <testcase name="testTriangleSideLimit" classname="TriangleTest" time="0.066"/>
  <testcase name="testEquilateral" classname="TriangleTest" time="0.003"/>
  <testcase name="testNotATriangle" classname="TriangleTest" time="0.003"/>
  <testcase name="testScalene" classname="TriangleTest" time="0.002"/>
  <testcase name="testIsosceles" classname="TriangleTest" time="0.003"/>
</testsuite>